<?xml version="1.0" encoding="UTF-8"?>
<testsuite xmlns:xsi="http://www.w3.org/2001/XMLSchema-instance" xsi:noNamespaceSchemaLocation="https://maven.apache.org/surefire/maven-surefire-plugin/xsd/surefire-test-report-3.0.xsd" version="3.0" name="com.rpncalculator.util.FileProcessorTest" time="0.051" tests="3" errors="0" skipped="0" failures="0">
  <properties>
[...]
</properties>
  <testcase name="testReadLines_NonExistentFile" classname="com.rpncalculator.util.FileProcessorTest" time="0.038">
    <system-out><![CDATA[13:44:28.765 [main] INFO  com.rpncalculator.util.FileProcessor - Attempting to read file: /var/folders/l0/sj4mhv4d0bv6c25tjpljm7v40000gn/T/junit1671219609344748388/non_existent_file.txt
13:44:28.769 [main] ERROR com.rpncalculator.util.FileProcessor - Error reading file /var/folders/l0/sj4mhv4d0bv6c25tjpljm7v40000gn/T/junit1671219609344748388/non_existent_file.txt: /var/folders/l0/sj4mhv4d0bv6c25tjpljm7v40000gn/T/junit1671219609344748388/non_existent_file.txt (No such file or directory)
]]></system-out>
  </testcase>
  <testcase name="testReadLines_EmptyFile" classname="com.rpncalculator.util.FileProcessorTest" time="0.004">
    <system-out><![CDATA[13:44:28.777 [main] INFO  com.rpncalculator.util.FileProcessor - Attempting to read file: /var/folders/l0/sj4mhv4d0bv6c25tjpljm7v40000gn/T/junit2400069811739634608/empty_file.txt
13:44:28.778 [main] INFO  com.rpncalculator.util.FileProcessor - Successfully read 0 lines from file: /var/folders/l0/sj4mhv4d0bv6c25tjpljm7v40000gn/T/junit2400069811739634608/empty_file.txt
]]></system-out>
  </testcase>
  <testcase name="testReadLines_ValidFile" classname="com.rpncalculator.util.FileProcessorTest" time="0.003">
    <system-out><![CDATA[13:44:28.783 [main] INFO  com.rpncalculator.util.FileProcessor - Attempting to read file: /var/folders/l0/sj4mhv4d0bv6c25tjpljm7v40000gn/T/junit1116396518339633654/test_input.txt
13:44:28.783 [main] INFO  com.rpncalculator.util.FileProcessor - Successfully read 3 lines from file: /var/folders/l0/sj4mhv4d0bv6c25tjpljm7v40000gn/T/junit1116396518339633654/test_input.txt
]]></system-out>
  </testcase>
</testsuite>